Release 10.1.03 - xst K.39 (nt)
Copyright (c) 1995-2008 Xilinx, Inc.  All rights reserved.
--> Parameter TMPDIR set to D:/SoC2024/Lab2/TAREA2/xst/projnav.tmp


Total REAL time to Xst completion: 0.00 secs
Total CPU time to Xst completion: 0.08 secs
 
--> Parameter xsthdpdir set to D:/SoC2024/Lab2/TAREA2/xst


Total REAL time to Xst completion: 0.00 secs
Total CPU time to Xst completion: 0.08 secs
 
--> Reading design: reg_file.prj

TABLE OF CONTENTS
  1) Synthesis Options Summary
  2) HDL Compilation
  3) Design Hierarchy Analysis
  4) HDL Analysis
  5) HDL Synthesis
     5.1) HDL Synthesis Report
  6) Advanced HDL Synthesis
     6.1) Advanced HDL Synthesis Report
  7) Low Level Synthesis
  8) Partition Report
  9) Final Report
     9.1) Device utilization summary
     9.2) Partition Resource Summary
     9.3) TIMING REPORT


=========================================================================
*                      Synthesis Options Summary                        *
=========================================================================
---- Source Parameters
Input File Name                    : "reg_file.prj"
Input Format                       : mixed
Ignore Synthesis Constraint File   : NO

---- Target Parameters
Output File Name                   : "reg_file"
Output Format                      : NGC
Target Device                      : xc3s500e-4-fg320

---- Source Options
Top Module Name                    : reg_file
Automatic FSM Extraction           : YES
FSM Encoding Algorithm             : Auto
Safe Implementation                : No
FSM Style                          : lut
RAM Extraction                     : Yes
RAM Style                          : Auto
ROM Extraction                     : Yes
Mux Style                          : Auto
Decoder Extraction                 : YES
Priority Encoder Extraction        : YES
Shift Register Extraction          : YES
Logical Shifter Extraction         : YES
XOR Collapsing                     : YES
ROM Style                          : Auto
Mux Extraction                     : YES
Resource Sharing                   : YES
Asynchronous To Synchronous        : NO
Multiplier Style                   : auto
Automatic Register Balancing       : No

---- Target Options
Add IO Buffers                     : YES
Global Maximum Fanout              : 500
Add Generic Clock Buffer(BUFG)     : 24
Register Duplication               : YES
Slice Packing                      : YES
Optimize Instantiated Primitives   : NO
Use Clock Enable                   : Yes
Use Synchronous Set                : Yes
Use Synchronous Reset              : Yes
Pack IO Registers into IOBs        : auto
Equivalent register Removal        : YES

---- General Options
Optimization Goal                  : Speed
Optimization Effort                : 1
Library Search Order               : reg_file.lso
Keep Hierarchy                     : NO
Netlist Hierarchy                  : as_optimized
RTL Output                         : Yes
Global Optimization                : AllClockNets
Read Cores                         : YES
Write Timing Constraints           : NO
Cross Clock Analysis               : NO
Hierarchy Separator                : /
Bus Delimiter                      : <>
Case Specifier                     : maintain
Slice Utilization Ratio            : 100
BRAM Utilization Ratio             : 100
Verilog 2001                       : YES
Auto BRAM Packing                  : NO
Slice Utilization Ratio Delta      : 5

=========================================================================


=========================================================================
*                          HDL Compilation                              *
=========================================================================
Compiling vhdl file "D:/SoC2024/Lab2/SRC/REG_FILE_L.vhd" in Library work.
Entity <reg_file> compiled.
Entity <reg_file> (Architecture <lutram>) compiled.

=========================================================================
*                     Design Hierarchy Analysis                         *
=========================================================================
Analyzing hierarchy for entity <reg_file> in library <work> (architecture <lutram>) with generics.
	B = 12
	W = 8


=========================================================================
*                            HDL Analysis                               *
=========================================================================
Analyzing generic Entity <reg_file> in library <work> (Architecture <lutram>).
	B = 12
	W = 8
Entity <reg_file> analyzed. Unit <reg_file> generated.


=========================================================================
*                           HDL Synthesis                               *
=========================================================================

Performing bidirectional port resolution...

Synthesizing Unit <reg_file>.
    Related source file is "D:/SoC2024/Lab2/SRC/REG_FILE_L.vhd".
WARNING:Xst:647 - Input <rst> is never used. This port will be preserved and left unconnected if it belongs to a top-level block or it belongs to a sub-block and the hierarchy of this sub-block is preserved.
    Found 4096x8-bit dual-port RAM <Mram_array_reg> for signal <array_reg>.
    Summary:
	inferred   1 RAM(s).
Unit <reg_file> synthesized.


=========================================================================
HDL Synthesis Report

Macro Statistics
# RAMs                                                 : 1
 4096x8-bit dual-port RAM                              : 1

=========================================================================

=========================================================================
*                       Advanced HDL Synthesis                          *
=========================================================================

Loading device for application Rf_Device from file '3s500e.nph' in environment C:\Xilinx\10.1\ISE.

Synthesizing (advanced) Unit <reg_file>.
INFO:Xst - HDL ADVISOR - The RAM <Mram_array_reg> will be implemented on LUTs either because you have described an asynchronous read or because of currently unsupported block RAM features. If you have described an asynchronous read, making it synchronous would allow you to take advantage of available block RAM resources, for optimized device usage and improved timings. Please refer to your documentation for coding guidelines.
    -----------------------------------------------------------------------
    | ram_type           | Distributed                         |          |
    -----------------------------------------------------------------------
    | Port A                                                              |
    |     aspect ratio   | 4096-word x 8-bit                   |          |
    |     clkA           | connected to signal <clk>           | rise     |
    |     weA            | connected to signal <wr_en>         | high     |
    |     addrA          | connected to signal <w_addr>        |          |
    |     diA            | connected to signal <w_data>        |          |
    -----------------------------------------------------------------------
    | Port B                                                              |
    |     aspect ratio   | 4096-word x 8-bit                   |          |
    |     addrB          | connected to signal <r_addr>        |          |
    |     doB            | connected to signal <r_data>        |          |
    -----------------------------------------------------------------------
Unit <reg_file> synthesized (advanced).

=========================================================================
Advanced HDL Synthesis Report

Macro Statistics
# RAMs                                                 : 1
 4096x8-bit dual-port distributed RAM                  : 1

=========================================================================

=========================================================================
*                         Low Level Synthesis                           *
=========================================================================

Optimizing unit <reg_file> ...

Mapping all equations...
Building and optimizing final netlist ...
Found area constraint ratio of 100 (+ 5) on block reg_file, actual ratio is 18.

Final Macro Processing ...

=========================================================================
Final Register Report

Found no macro
=========================================================================

=========================================================================
*                           Partition Report                             *
=========================================================================

Partition Implementation Status
-------------------------------

  No Partitions were found in this design.

-------------------------------

=========================================================================
*                            Final Report                               *
=========================================================================
Final Results
RTL Top Level Output File Name     : reg_file.ngr
Top Level Output File Name         : reg_file
Output Format                      : NGC
Optimization Goal                  : Speed
Keep Hierarchy                     : NO

Design Statistics
# IOs                              : 43

Cell Usage :
# BELS                             : 2656
#      BUF                         : 67
#      GND                         : 1
#      LUT2                        : 4
#      LUT3                        : 1056
#      LUT4                        : 288
#      MUXF5                       : 784
#      MUXF6                       : 264
#      MUXF7                       : 128
#      MUXF8                       : 64
# RAMS                             : 2048
#      RAM16X1D                    : 2048
# Clock Buffers                    : 1
#      BUFGP                       : 1
# IO Buffers                       : 41
#      IBUF                        : 33
#      OBUF                        : 8
=========================================================================

Device utilization summary:
---------------------------

Selected Device : 3s500efg320-4 

 Number of Slices:                      805  out of   4656    17%  
 Number of 4 input LUTs:               5444  out of   9312    58%  
    Number used as logic:              1348
    Number used as RAMs:               4096
 Number of IOs:                          43
 Number of bonded IOBs:                  42  out of    232    18%  
 Number of GCLKs:                         1  out of     24     4%  

---------------------------
Partition Resource Summary:
---------------------------

  No Partitions were found in this design.

---------------------------


=========================================================================
TIMING REPORT

NOTE: THESE TIMING NUMBERS ARE ONLY A SYNTHESIS ESTIMATE.
      FOR ACCURATE TIMING INFORMATION PLEASE REFER TO THE TRACE REPORT
      GENERATED AFTER PLACE-and-ROUTE.

Clock Information:
------------------
-----------------------------------+------------------------+-------+
Clock Signal                       | Clock buffer(FF name)  | Load  |
-----------------------------------+------------------------+-------+
clk                                | BUFGP                  | 2048  |
-----------------------------------+------------------------+-------+

Asynchronous Control Signals Information:
----------------------------------------
No asynchronous control signals found in this design

Timing Summary:
---------------
Speed Grade: -4

   Minimum period: No path found
   Minimum input arrival time before clock: 7.255ns
   Maximum output required time after clock: 10.725ns
   Maximum combinational path delay: 14.213ns

Timing Detail:
--------------
All values displayed in nanoseconds (ns)

=========================================================================
Timing constraint: Default OFFSET IN BEFORE for Clock 'clk'
  Total number of paths / destination ports: 36864 / 20480
-------------------------------------------------------------------------
Offset:              7.255ns (Levels of Logic = 5)
  Source:            w_addr<4> (PAD)
  Destination:       Mram_array_reg4 (RAM)
  Destination Clock: clk rising

  Data Path: w_addr<4> to Mram_array_reg4
                                Gate     Net
    Cell:in->out      fanout   Delay   Delay  Logical Name (Net Name)
    ----------------------------------------  ------------
     IBUF:I->O             4   1.218   0.762  w_addr_4_IBUF (w_addr_4_IBUF)
     LUT2:I0->O            8   0.704   0.932  N10371 (N103_bdd10)
     LUT4:I0->O            8   0.704   0.761  N3931 (N39_bdd4)
     LUT4:I3->O            1   0.704   0.000  write_ctrl351 (write_ctrl351)
     MUXF5:I0->O           8   0.321   0.757  write_ctrl35_f5 (write_ctrl35)
     RAM16X1D:WE               0.392          Mram_array_reg36
    ----------------------------------------
    Total                      7.255ns (4.043ns logic, 3.212ns route)
                                       (55.7% logic, 44.3% route)

=========================================================================
Timing constraint: Default OFFSET OUT AFTER for Clock 'clk'
  Total number of paths / destination ports: 2048 / 8
-------------------------------------------------------------------------
Offset:              10.725ns (Levels of Logic = 9)
  Source:            Mram_array_reg1793 (RAM)
  Destination:       r_data<7> (PAD)
  Source Clock:      clk rising

  Data Path: Mram_array_reg1793 to r_data<7>
                                Gate     Net
    Cell:in->out      fanout   Delay   Delay  Logical Name (Net Name)
    ----------------------------------------  ------------
     RAM16X1D:WCLK->DPO    1   1.901   0.499  Mram_array_reg1793 (N3845)
     LUT3:I1->O            1   0.704   0.000  inst_LPM_MUX7_172 (inst_LPM_MUX7_172)
     MUXF5:I0->O           1   0.321   0.000  inst_LPM_MUX7_15_f5_1 (inst_LPM_MUX7_15_f52)
     MUXF6:I0->O           1   0.521   0.000  inst_LPM_MUX7_13_f6_1 (inst_LPM_MUX7_13_f62)
     MUXF7:I0->O           1   0.521   0.000  inst_LPM_MUX7_11_f7_1 (inst_LPM_MUX7_11_f72)
     MUXF8:I0->O           1   0.521   0.499  inst_LPM_MUX7_9_f8_1 (inst_LPM_MUX7_9_f82)
     LUT3:I1->O            1   0.704   0.000  inst_LPM_MUX7_6 (inst_LPM_MUX7_6)
     MUXF5:I0->O           1   0.321   0.000  inst_LPM_MUX7_4_f5 (inst_LPM_MUX7_4_f5)
     MUXF6:I0->O           1   0.521   0.420  inst_LPM_MUX7_2_f6 (r_data_7_OBUF)
     OBUF:I->O                 3.272          r_data_7_OBUF (r_data<7>)
    ----------------------------------------
    Total                     10.725ns (9.307ns logic, 1.418ns route)
                                       (86.8% logic, 13.2% route)

=========================================================================
Timing constraint: Default path analysis
  Total number of paths / destination ports: 10232 / 8
-------------------------------------------------------------------------
Delay:               14.213ns (Levels of Logic = 12)
  Source:            r_addr<0> (PAD)
  Destination:       r_data<7> (PAD)

  Data Path: r_addr<0> to r_data<7>
                                Gate     Net
    Cell:in->out      fanout   Delay   Delay  Logical Name (Net Name)
    ----------------------------------------  ------------
     IBUF:I->O           410   1.218   1.382  r_addr_0_IBUF (r_addr_0_IBUF)
     BUF:I->O            410   0.704   1.382  r_addr_0_IBUF_1 (r_addr_0_IBUF_1)
     RAM16X1D:DPRA0->DPO    1   0.704   0.499  Mram_array_reg991 (N2241)
     LUT3:I1->O            1   0.704   0.000  inst_LPM_MUX3_11 (inst_LPM_MUX3_11)
     MUXF5:I1->O           1   0.321   0.000  inst_LPM_MUX3_10_f5 (inst_LPM_MUX3_10_f5)
     MUXF6:I1->O           1   0.521   0.000  inst_LPM_MUX3_9_f6 (inst_LPM_MUX3_9_f6)
     MUXF7:I1->O           1   0.521   0.000  inst_LPM_MUX3_8_f7 (inst_LPM_MUX3_8_f7)
     MUXF8:I1->O           1   0.521   0.499  inst_LPM_MUX3_7_f8 (inst_LPM_MUX3_7_f8)
     LUT3:I1->O            1   0.704   0.000  inst_LPM_MUX3_4 (inst_LPM_MUX3_4)
     MUXF5:I1->O           1   0.321   0.000  inst_LPM_MUX3_3_f5 (inst_LPM_MUX3_3_f5)
     MUXF6:I1->O           1   0.521   0.420  inst_LPM_MUX3_2_f6 (r_data_3_OBUF)
     OBUF:I->O                 3.272          r_data_3_OBUF (r_data<3>)
    ----------------------------------------
    Total                     14.213ns (10.032ns logic, 4.181ns route)
                                       (70.6% logic, 29.4% route)

=========================================================================


Total REAL time to Xst completion: 22.00 secs
Total CPU time to Xst completion: 21.81 secs
 
--> 

Total memory usage is 217952 kilobytes

Number of errors   :    0 (   0 filtered)
Number of warnings :    1 (   0 filtered)
Number of infos    :    1 (   0 filtered)

